Connecting to host 10.35.102.180, port 5201
[  6] local 10.35.102.188 port 36278 connected to 10.35.102.180 port 5201
[ ID] Interval           Transfer     Bitrate         Retr  Cwnd
[  6]   0.00-1.00   sec  1.07 MBytes  8.95 Mbits/sec    0   93.3 KBytes       
[  6]   1.00-2.00   sec   891 KBytes  7.30 Mbits/sec    5   89.1 KBytes       
[  6]   2.00-3.00   sec  1.12 MBytes  9.38 Mbits/sec    0    106 KBytes       
[  6]   3.00-4.00   sec   891 KBytes  7.30 Mbits/sec    0    116 KBytes       
[  6]   4.00-5.00   sec   509 KBytes  4.17 Mbits/sec    9   89.1 KBytes       
[  6]   5.00-6.00   sec  1.93 MBytes  16.2 Mbits/sec    1   46.7 KBytes       
[  6]   6.00-7.00   sec  1.49 MBytes  12.5 Mbits/sec    0   67.9 KBytes       
[  6]   7.00-8.00   sec  1.62 MBytes  13.6 Mbits/sec    0   82.0 KBytes       
[  6]   8.00-9.00   sec  2.86 MBytes  24.0 Mbits/sec    1   72.1 KBytes       
[  6]   9.00-10.00  sec  2.49 MBytes  20.8 Mbits/sec    0   94.7 KBytes       
[  6]  10.00-11.00  sec  1.74 MBytes  14.6 Mbits/sec    5   94.7 KBytes       
[  6]  11.00-12.00  sec  1.55 MBytes  13.0 Mbits/sec    0   94.7 KBytes       
[  6]  12.00-13.00  sec   573 KBytes  4.69 Mbits/sec    2   70.7 KBytes       
[  6]  13.00-14.00  sec   891 KBytes  7.30 Mbits/sec    0   80.6 KBytes       
[  6]  14.00-15.00  sec   827 KBytes  6.78 Mbits/sec    0   86.3 KBytes       
[  6]  15.00-16.00  sec   509 KBytes  4.17 Mbits/sec    0   90.5 KBytes       
[  6]  16.00-17.00  sec   891 KBytes  7.30 Mbits/sec    0   97.6 KBytes       
[  6]  17.00-18.00  sec  1.49 MBytes  12.5 Mbits/sec    0    107 KBytes       
[  6]  18.00-19.00  sec  1.37 MBytes  11.5 Mbits/sec    0    116 KBytes       
[  6]  19.00-20.00  sec   954 KBytes  7.82 Mbits/sec    2   97.6 KBytes       
[  6]  20.00-21.00  sec  1.30 MBytes  10.9 Mbits/sec    0    110 KBytes       
[  6]  21.00-22.00  sec  1.49 MBytes  12.5 Mbits/sec   49   65.0 KBytes       
[  6]  22.00-23.00  sec   827 KBytes  6.77 Mbits/sec   19   70.7 KBytes       
[  6]  23.00-24.00  sec  1.49 MBytes  12.5 Mbits/sec    2   1.41 KBytes       
[  6]  24.00-25.00  sec  1.55 MBytes  13.0 Mbits/sec   58   1.41 KBytes       
[  6]  25.00-26.00  sec  1.49 MBytes  12.5 Mbits/sec   14    107 KBytes       
[  6]  26.00-27.00  sec  2.17 MBytes  18.2 Mbits/sec   50   69.3 KBytes       
[  6]  27.00-28.00  sec  1.43 MBytes  12.0 Mbits/sec   34   48.1 KBytes       
[  6]  28.00-29.00  sec  1.18 MBytes  9.90 Mbits/sec   10   58.0 KBytes       
[  6]  29.00-30.00  sec  1.30 MBytes  10.9 Mbits/sec   45   1.41 KBytes       
[  6]  30.00-31.00  sec  2.30 MBytes  19.3 Mbits/sec   34   1.41 KBytes       
[  6]  31.00-32.00  sec  1.86 MBytes  15.6 Mbits/sec   18   1.41 KBytes       
[  6]  32.00-33.00  sec  1.49 MBytes  12.5 Mbits/sec   48   1.41 KBytes       
[  6]  33.00-34.00  sec   318 KBytes  2.60 Mbits/sec   25   1.41 KBytes       
[  6]  34.00-35.00  sec  3.98 MBytes  33.4 Mbits/sec    2    112 KBytes       
[  6]  35.00-36.00  sec  4.04 MBytes  33.9 Mbits/sec    4    107 KBytes       
[  6]  36.00-37.00  sec  4.16 MBytes  34.9 Mbits/sec    1   59.4 KBytes       
[  6]  37.00-38.00  sec  3.29 MBytes  27.6 Mbits/sec    0   93.3 KBytes       
[  6]  38.00-39.00  sec  2.80 MBytes  23.5 Mbits/sec    3   80.6 KBytes       
[  6]  39.00-40.00  sec   954 KBytes  7.82 Mbits/sec   28   46.7 KBytes       
[  6]  40.00-41.00  sec   636 KBytes  5.21 Mbits/sec   23   35.4 KBytes       
[  6]  41.00-42.00  sec   954 KBytes  7.82 Mbits/sec   21   32.5 KBytes       
[  6]  42.00-43.00  sec   318 KBytes  2.61 Mbits/sec   10   35.4 KBytes       
[  6]  43.00-44.00  sec   954 KBytes  7.82 Mbits/sec    0   73.5 KBytes       
[  6]  44.00-45.00  sec   636 KBytes  5.21 Mbits/sec    0    109 KBytes       
[  6]  45.00-46.00  sec   636 KBytes  5.21 Mbits/sec   16   93.3 KBytes       
[  6]  46.00-47.00  sec   318 KBytes  2.61 Mbits/sec    0   91.9 KBytes       
[  6]  47.00-48.00  sec   318 KBytes  2.61 Mbits/sec    0    112 KBytes       
[  6]  48.00-49.00  sec   636 KBytes  5.21 Mbits/sec   12   60.8 KBytes       
[  6]  49.00-50.00  sec   636 KBytes  5.21 Mbits/sec   35   63.6 KBytes       
[  6]  50.00-51.00  sec   318 KBytes  2.61 Mbits/sec    0   70.7 KBytes       
[  6]  51.00-52.00  sec   318 KBytes  2.61 Mbits/sec    0   73.5 KBytes       
[  6]  52.00-53.00  sec   636 KBytes  5.21 Mbits/sec   16   38.2 KBytes       
[  6]  53.00-54.00  sec   318 KBytes  2.61 Mbits/sec    7   1.41 KBytes       
[  6]  54.00-55.00  sec  0.00 Bytes  0.00 bits/sec   21   25.5 KBytes       
[  6]  55.00-56.00  sec   318 KBytes  2.61 Mbits/sec    0   32.5 KBytes       
[  6]  56.00-57.00  sec  0.00 Bytes  0.00 bits/sec    0   33.9 KBytes       
[  6]  57.00-58.00  sec  0.00 Bytes  0.00 bits/sec    1   25.5 KBytes       
[  6]  58.00-59.00  sec   318 KBytes  2.61 Mbits/sec   23   24.0 KBytes       
[  6]  59.00-60.00  sec  0.00 Bytes  0.00 bits/sec    0   24.0 KBytes       
- - - - - - - - - - - - - - - - - - - - - - - - -
[ ID] Interval           Transfer     Bitrate         Retr
[  6]   0.00-60.00  sec  73.0 MBytes  10.2 Mbits/sec  654             sender
[  6]   0.00-60.27  sec  72.2 MBytes  10.0 Mbits/sec                  receiver

iperf Done.
