Connecting to host 10.35.102.180, port 5201
[  6] local 10.35.102.188 port 37056 connected to 10.35.102.180 port 5201
[ ID] Interval           Transfer     Bitrate         Retr  Cwnd
[  6]   0.00-1.00   sec  99.0 KBytes   810 Kbits/sec    3   5.66 KBytes       
[  6]   1.00-2.00   sec   158 KBytes  1.30 Mbits/sec    9   21.2 KBytes       
[  6]   2.00-3.00   sec  63.6 KBytes   522 Kbits/sec   12   17.0 KBytes       
[  6]   3.00-4.00   sec   127 KBytes  1.04 Mbits/sec    1   17.0 KBytes       
[  6]   4.00-5.00   sec   133 KBytes  1.09 Mbits/sec    0   21.2 KBytes       
[  6]   5.00-6.00   sec   386 KBytes  3.16 Mbits/sec    0   29.7 KBytes       
[  6]   6.00-7.00   sec   255 KBytes  2.08 Mbits/sec    1   39.6 KBytes       
[  6]   7.00-8.00   sec  0.00 Bytes  0.00 bits/sec    1   42.4 KBytes       
[  6]   8.00-9.00   sec  2.11 MBytes  17.7 Mbits/sec    0    123 KBytes       
[  6]   9.00-10.00  sec  2.36 MBytes  19.8 Mbits/sec    3   84.8 KBytes       
[  6]  10.00-11.00  sec  2.24 MBytes  18.8 Mbits/sec    0    105 KBytes       
[  6]  11.00-12.00  sec  1.93 MBytes  16.2 Mbits/sec    1   86.3 KBytes       
[  6]  12.00-13.00  sec  1.55 MBytes  13.0 Mbits/sec    0    103 KBytes       
[  6]  13.00-14.00  sec  2.49 MBytes  20.9 Mbits/sec    6   79.2 KBytes       
[  6]  14.00-15.00  sec  3.67 MBytes  30.8 Mbits/sec    0    107 KBytes       
[  6]  15.00-16.00  sec  5.53 MBytes  46.4 Mbits/sec    2   99.0 KBytes       
[  6]  16.00-17.00  sec  7.08 MBytes  59.4 Mbits/sec    0    143 KBytes       
[  6]  17.00-18.00  sec  7.71 MBytes  64.6 Mbits/sec    1    140 KBytes       
[  6]  18.00-19.00  sec  10.1 MBytes  84.4 Mbits/sec    0    187 KBytes       
[  6]  19.00-20.00  sec  10.3 MBytes  86.6 Mbits/sec    1    163 KBytes       
[  6]  20.00-21.00  sec  9.94 MBytes  83.4 Mbits/sec    0    205 KBytes       
[  6]  21.00-22.00  sec  10.7 MBytes  89.7 Mbits/sec    0    242 KBytes       
[  6]  22.00-23.00  sec  10.9 MBytes  91.2 Mbits/sec    0    273 KBytes       
[  6]  23.00-24.00  sec  9.13 MBytes  76.6 Mbits/sec    0    298 KBytes       
[  6]  24.00-25.00  sec  10.2 MBytes  85.5 Mbits/sec    0    322 KBytes       
[  6]  25.00-26.00  sec  9.32 MBytes  78.2 Mbits/sec    3    127 KBytes       
[  6]  26.00-27.00  sec  4.85 MBytes  40.7 Mbits/sec    1    107 KBytes       
[  6]  27.00-28.00  sec  2.11 MBytes  17.7 Mbits/sec   20   94.7 KBytes       
[  6]  28.00-29.00  sec  2.05 MBytes  17.2 Mbits/sec   58   58.0 KBytes       
[  6]  29.00-30.00  sec  2.05 MBytes  17.2 Mbits/sec   50   42.4 KBytes       
[  6]  30.00-31.00  sec   700 KBytes  5.73 Mbits/sec    2   89.1 KBytes       
[  6]  31.00-32.00  sec   700 KBytes  5.74 Mbits/sec    1    119 KBytes       
[  6]  32.00-33.00  sec   700 KBytes  5.73 Mbits/sec    7   83.4 KBytes       
[  6]  33.00-34.00  sec   700 KBytes  5.73 Mbits/sec    0    107 KBytes       
[  6]  34.00-35.00  sec  1.37 MBytes  11.5 Mbits/sec    6   83.4 KBytes       
[  6]  35.00-36.00  sec  0.00 Bytes  0.00 bits/sec    2   65.0 KBytes       
[  6]  36.00-37.00  sec   700 KBytes  5.73 Mbits/sec    0   70.7 KBytes       
[  6]  37.00-38.00  sec  0.00 Bytes  0.00 bits/sec    3   2.83 KBytes       
[  6]  38.00-39.00  sec  0.00 Bytes  0.00 bits/sec    9   7.07 KBytes       
[  6]  39.00-40.00  sec  0.00 Bytes  0.00 bits/sec    0   7.07 KBytes       
[  6]  40.00-41.00  sec  0.00 Bytes  0.00 bits/sec   13   5.66 KBytes       
[  6]  41.00-42.00  sec  0.00 Bytes  0.00 bits/sec    2   1.41 KBytes       
[  6]  42.00-43.00  sec  0.00 Bytes  0.00 bits/sec    4   2.83 KBytes       
[  6]  43.00-44.00  sec  0.00 Bytes  0.00 bits/sec    1   1.41 KBytes       
[  6]  44.00-45.00  sec  0.00 Bytes  0.00 bits/sec    2   2.83 KBytes       
[  6]  45.00-46.00  sec  0.00 Bytes  0.00 bits/sec    5   4.24 KBytes       
[  6]  46.00-47.00  sec  0.00 Bytes  0.00 bits/sec    0   4.24 KBytes       
[  6]  47.00-48.00  sec  0.00 Bytes  0.00 bits/sec    0   4.24 KBytes       
[  6]  48.00-49.00  sec  0.00 Bytes  0.00 bits/sec    1   1.41 KBytes       
[  6]  49.00-50.00  sec  0.00 Bytes  0.00 bits/sec    0   1.41 KBytes       
[  6]  50.00-51.00  sec  0.00 Bytes  0.00 bits/sec    0   1.41 KBytes       
[  6]  51.00-52.00  sec  0.00 Bytes  0.00 bits/sec    0   1.41 KBytes       
[  6]  52.00-53.00  sec  0.00 Bytes  0.00 bits/sec    1   1.41 KBytes       
[  6]  53.00-54.00  sec  0.00 Bytes  0.00 bits/sec    0   1.41 KBytes       
[  6]  54.00-55.00  sec  0.00 Bytes  0.00 bits/sec    0   1.41 KBytes       
[  6]  55.00-56.00  sec  0.00 Bytes  0.00 bits/sec    0   1.41 KBytes       
[  6]  56.00-57.00  sec  0.00 Bytes  0.00 bits/sec    1   1.41 KBytes       
[  6]  57.00-58.00  sec  0.00 Bytes  0.00 bits/sec    0   1.41 KBytes       
[  6]  58.00-59.00  sec  0.00 Bytes  0.00 bits/sec    0   1.41 KBytes       
iperf3: error - control socket has closed unexpectedly
