Connecting to host 10.16.32.61, port 5201
[  6] local 10.16.32.22 port 34410 connected to 10.16.32.61 port 5201
[ ID] Interval           Transfer     Bitrate         Retr  Cwnd
[  6]   0.00-1.00   sec   387 KBytes  3.17 Mbits/sec    1   58.0 KBytes       
[  6]   1.00-2.00   sec   160 KBytes  1.31 Mbits/sec    0   63.6 KBytes       
[  6]   2.00-3.00   sec  0.00 Bytes  0.00 bits/sec   21   43.8 KBytes       
[  6]   3.00-4.00   sec   191 KBytes  1.57 Mbits/sec    0   55.1 KBytes       
[  6]   4.00-5.00   sec  0.00 Bytes  0.00 bits/sec   27   39.6 KBytes       
[  6]   5.00-6.00   sec   191 KBytes  1.56 Mbits/sec    0   45.2 KBytes       
[  6]   6.00-7.00   sec   191 KBytes  1.56 Mbits/sec    0   48.1 KBytes       
[  6]   7.00-8.00   sec  0.00 Bytes  0.00 bits/sec    9   14.1 KBytes       
[  6]   8.00-9.00   sec  0.00 Bytes  0.00 bits/sec   12   17.0 KBytes       
[  6]   9.00-10.00  sec   191 KBytes  1.56 Mbits/sec   15   17.0 KBytes       
[  6]  10.00-11.00  sec   191 KBytes  1.56 Mbits/sec    0   21.2 KBytes       
[  6]  11.00-12.00  sec   255 KBytes  2.09 Mbits/sec    0   26.9 KBytes       
[  6]  12.00-13.00  sec   191 KBytes  1.56 Mbits/sec    0   32.5 KBytes       
[  6]  13.00-14.00  sec   318 KBytes  2.61 Mbits/sec   10   26.9 KBytes       
[  6]  14.00-15.00  sec  1018 KBytes  8.34 Mbits/sec    0   66.5 KBytes       
[  6]  15.00-16.00  sec   573 KBytes  4.69 Mbits/sec    0   83.4 KBytes       
[  6]  16.00-17.00  sec  3.42 MBytes  28.7 Mbits/sec    0    223 KBytes       
[  6]  17.00-18.00  sec  2.24 MBytes  18.8 Mbits/sec    0    313 KBytes       
[  6]  18.00-19.00  sec  4.60 MBytes  38.6 Mbits/sec    0    417 KBytes       
[  6]  19.00-20.00  sec  4.29 MBytes  36.0 Mbits/sec    0    438 KBytes       
[  6]  20.00-21.00  sec  5.65 MBytes  47.4 Mbits/sec    0    499 KBytes       
[  6]  21.00-22.00  sec  2.11 MBytes  17.7 Mbits/sec    0    499 KBytes       
[  6]  22.00-23.00  sec  4.10 MBytes  34.4 Mbits/sec    0    527 KBytes       
[  6]  23.00-24.00  sec  5.53 MBytes  46.4 Mbits/sec    0    551 KBytes       
[  6]  24.00-25.00  sec  8.26 MBytes  69.3 Mbits/sec    0    600 KBytes       
[  6]  25.00-26.00  sec  7.39 MBytes  62.0 Mbits/sec    0    600 KBytes       
[  6]  26.00-27.00  sec  9.57 MBytes  80.3 Mbits/sec    2    301 KBytes       
[  6]  27.00-28.00  sec  11.0 MBytes  92.3 Mbits/sec    0    399 KBytes       
[  6]  28.00-29.00  sec  9.63 MBytes  80.8 Mbits/sec    0    464 KBytes       
[  6]  29.00-30.00  sec  10.8 MBytes  90.2 Mbits/sec    0    525 KBytes       
[  6]  30.00-31.00  sec  10.9 MBytes  91.2 Mbits/sec    0    561 KBytes       
[  6]  31.00-32.00  sec  10.8 MBytes  90.2 Mbits/sec    0    583 KBytes       
[  6]  32.00-33.00  sec  9.69 MBytes  81.3 Mbits/sec    0    595 KBytes       
[  6]  33.00-34.00  sec  10.9 MBytes  91.2 Mbits/sec    0    598 KBytes       
[  6]  34.00-35.00  sec  9.51 MBytes  79.7 Mbits/sec    0    600 KBytes       
[  6]  35.00-36.00  sec  9.69 MBytes  81.3 Mbits/sec    0    600 KBytes       
[  6]  36.00-37.00  sec  10.9 MBytes  91.2 Mbits/sec    0    602 KBytes       
[  6]  37.00-38.00  sec  10.9 MBytes  91.7 Mbits/sec    0    612 KBytes       
[  6]  38.00-39.00  sec  11.2 MBytes  93.8 Mbits/sec    0    631 KBytes       
[  6]  39.00-40.00  sec  11.2 MBytes  94.1 Mbits/sec    0    663 KBytes       
[  6]  40.00-41.00  sec  11.2 MBytes  94.4 Mbits/sec    0    708 KBytes       
[  6]  41.00-42.00  sec  7.50 MBytes  62.9 Mbits/sec    0    711 KBytes       
[  6]  42.00-43.00  sec  10.0 MBytes  83.9 Mbits/sec    0    867 KBytes       
[  6]  43.00-44.00  sec  10.0 MBytes  83.9 Mbits/sec    0    940 KBytes       
[  6]  44.00-45.00  sec  7.50 MBytes  62.9 Mbits/sec    0    940 KBytes       
[  6]  45.00-46.00  sec  10.0 MBytes  83.9 Mbits/sec   17    604 KBytes       
[  6]  46.00-47.00  sec  3.75 MBytes  31.5 Mbits/sec    0    607 KBytes       
[  6]  47.00-48.00  sec  10.0 MBytes  83.9 Mbits/sec    0    683 KBytes       
[  6]  48.00-49.00  sec  10.0 MBytes  83.9 Mbits/sec    0    696 KBytes       
[  6]  49.00-50.00  sec  6.25 MBytes  52.4 Mbits/sec    1    713 KBytes       
[  6]  50.00-51.00  sec  1.25 MBytes  10.5 Mbits/sec    0    716 KBytes       
[  6]  51.00-52.00  sec  2.50 MBytes  21.0 Mbits/sec    0    716 KBytes       
[  6]  52.00-53.00  sec  1.25 MBytes  10.5 Mbits/sec    0    716 KBytes       
[  6]  53.00-54.00  sec  2.50 MBytes  21.0 Mbits/sec    0    716 KBytes       
[  6]  54.00-55.00  sec  1.25 MBytes  10.5 Mbits/sec    0    716 KBytes       
[  6]  55.00-56.00  sec  1.25 MBytes  10.5 Mbits/sec    0    716 KBytes       
[  6]  56.00-57.00  sec  1.25 MBytes  10.5 Mbits/sec    1    734 KBytes       
[  6]  57.00-58.00  sec  2.50 MBytes  21.0 Mbits/sec    0    734 KBytes       
[  6]  58.00-59.00  sec  0.00 Bytes  0.00 bits/sec    0    734 KBytes       
[  6]  60.00-96.11  sec  0.00 Bytes  0.00 bits/sec    5   1.41 KBytes       
- - - - - - - - - - - - - - - - - - - - - - - - -
[ ID] Interval           Transfer     Bitrate         Retr
[  6]   0.00-96.11  sec   298 MBytes  26.0 Mbits/sec  135             sender
[  6]   0.00-96.11  sec  0.00 Bytes  0.00 bits/sec                  receiver
iperf3: interrupt - the client has terminated
