Connecting to host 10.16.32.61, port 5201
[  6] local 10.16.32.22 port 51724 connected to 10.16.32.61 port 5201
[ ID] Interval           Transfer     Bitrate         Retr  Cwnd
[  6]   0.00-1.00   sec   454 KBytes  3.72 Mbits/sec    0   42.4 KBytes       
[  6]   1.00-2.00   sec   382 KBytes  3.13 Mbits/sec    0   62.2 KBytes       
[  6]   2.00-3.00   sec  1.06 MBytes  8.87 Mbits/sec    0    105 KBytes       
[  6]   3.00-4.00   sec  1.86 MBytes  15.6 Mbits/sec    0    177 KBytes       
[  6]   4.00-5.00   sec   382 KBytes  3.13 Mbits/sec    0    181 KBytes       
[  6]   5.00-6.00   sec  0.00 Bytes  0.00 bits/sec    0    181 KBytes       
[  6]   6.00-7.00   sec   764 KBytes  6.26 Mbits/sec    0    199 KBytes       
[  6]   7.00-8.00   sec  4.78 MBytes  40.1 Mbits/sec    0    368 KBytes       
[  6]   8.00-9.00   sec  4.41 MBytes  37.0 Mbits/sec    4    317 KBytes       
[  6]   9.00-10.00  sec  2.61 MBytes  21.9 Mbits/sec    0    358 KBytes       
[  6]  10.00-11.00  sec  5.28 MBytes  44.3 Mbits/sec    0    395 KBytes       
[  6]  11.00-12.00  sec  6.21 MBytes  52.1 Mbits/sec    0    416 KBytes       
[  6]  12.00-13.00  sec  9.57 MBytes  80.3 Mbits/sec    0    426 KBytes       
[  6]  13.00-14.00  sec  9.69 MBytes  81.3 Mbits/sec    0    427 KBytes       
[  6]  14.00-15.00  sec  11.3 MBytes  94.9 Mbits/sec    0    427 KBytes       
[  6]  15.00-16.00  sec  11.3 MBytes  94.9 Mbits/sec    0    427 KBytes       
[  6]  16.00-17.00  sec  9.76 MBytes  81.8 Mbits/sec    0    431 KBytes       
[  6]  17.00-18.00  sec  9.01 MBytes  75.6 Mbits/sec    0    447 KBytes       
[  6]  18.00-19.00  sec  9.32 MBytes  78.2 Mbits/sec    0    462 KBytes       
[  6]  19.00-20.00  sec  9.51 MBytes  79.8 Mbits/sec    2    365 KBytes       
[  6]  20.00-21.00  sec  11.4 MBytes  95.9 Mbits/sec    0    413 KBytes       
[  6]  21.00-22.00  sec  11.2 MBytes  94.4 Mbits/sec    0    447 KBytes       
[  6]  22.00-23.00  sec  11.2 MBytes  93.8 Mbits/sec    0    465 KBytes       
[  6]  23.00-24.00  sec  11.2 MBytes  94.4 Mbits/sec    0    475 KBytes       
[  6]  24.00-25.00  sec  11.4 MBytes  95.4 Mbits/sec    0    477 KBytes       
[  6]  25.00-26.00  sec  9.76 MBytes  81.8 Mbits/sec    0    477 KBytes       
[  6]  26.00-27.00  sec  7.64 MBytes  64.1 Mbits/sec    0    477 KBytes       
[  6]  27.00-28.00  sec  9.82 MBytes  82.4 Mbits/sec    0    481 KBytes       
[  6]  28.00-29.00  sec  10.9 MBytes  91.7 Mbits/sec    0    488 KBytes       
[  6]  29.00-30.00  sec  6.09 MBytes  51.1 Mbits/sec    0    505 KBytes       
[  6]  30.00-31.00  sec  8.45 MBytes  70.9 Mbits/sec    0    547 KBytes       
[  6]  31.00-32.00  sec  2.30 MBytes  19.3 Mbits/sec   40    130 KBytes       
[  6]  32.00-33.00  sec  0.00 Bytes  0.00 bits/sec    1    389 KBytes       
[  6]  33.00-34.00  sec  1.12 MBytes  9.39 Mbits/sec   30    272 KBytes       
[  6]  34.00-35.00  sec  1.12 MBytes  9.39 Mbits/sec    0    272 KBytes       
[  6]  35.00-36.00  sec  0.00 Bytes  0.00 bits/sec   36    189 KBytes       
[  6]  36.00-37.00  sec  0.00 Bytes  0.00 bits/sec    6   60.8 KBytes       
[  6]  37.00-38.00  sec  0.00 Bytes  0.00 bits/sec   40    137 KBytes       
[  6]  38.00-39.00  sec  0.00 Bytes  0.00 bits/sec   54   38.2 KBytes       
[  6]  39.00-40.00  sec  0.00 Bytes  0.00 bits/sec   22   99.0 KBytes       
[  6]  40.00-41.00  sec  1.12 MBytes  9.39 Mbits/sec   36   70.7 KBytes       
[  6]  41.00-42.00  sec  0.00 Bytes  0.00 bits/sec    5   18.4 KBytes       
[  6]  42.00-43.00  sec  0.00 Bytes  0.00 bits/sec    0   58.0 KBytes       
[  6]  43.00-44.00  sec  0.00 Bytes  0.00 bits/sec    0   63.6 KBytes       
[  6]  44.00-45.00  sec  0.00 Bytes  0.00 bits/sec    2   31.1 KBytes       
[  6]  45.00-46.00  sec  0.00 Bytes  0.00 bits/sec    4   45.2 KBytes       
[  6]  46.00-47.00  sec  0.00 Bytes  0.00 bits/sec    0   56.6 KBytes       
[  6]  47.00-48.00  sec  1.12 MBytes  9.39 Mbits/sec    9   41.0 KBytes       
[  6]  48.00-49.00  sec  0.00 Bytes  0.00 bits/sec   13   31.1 KBytes       
[  6]  49.00-50.00  sec  0.00 Bytes  0.00 bits/sec    0   32.5 KBytes       
[  6]  50.00-51.00  sec  0.00 Bytes  0.00 bits/sec    0   33.9 KBytes       
[  6]  51.00-52.00  sec  0.00 Bytes  0.00 bits/sec    7   7.07 KBytes       
[  6]  52.00-53.00  sec  0.00 Bytes  0.00 bits/sec   14   9.90 KBytes       
[  6]  53.00-54.00  sec  0.00 Bytes  0.00 bits/sec    0   22.6 KBytes       
[  6]  54.00-55.00  sec  0.00 Bytes  0.00 bits/sec    0   25.5 KBytes       
[  6]  55.00-56.00  sec  0.00 Bytes  0.00 bits/sec    2   22.6 KBytes       
[  6]  56.00-57.00  sec  0.00 Bytes  0.00 bits/sec    0   22.6 KBytes       
[  6]  57.00-58.00  sec  0.00 Bytes  0.00 bits/sec    1   1.41 KBytes       
[  6]  58.00-59.00  sec  0.00 Bytes  0.00 bits/sec    0   1.41 KBytes       
iperf3: error - control socket has closed unexpectedly
